  Compiling CUDA source file kernel.cu...
  
  C:\Users\79133\source\repos\CudaRuntimeLab1\CudaRuntimeLab1>"C:\Program Files\NVIDIA GPU Computing Toolkit\CUDA\v12.3\bin\nvcc.exe" -gencode=arch=compute_52,code=\"sm_52,compute_52\" --use-local-env -ccbin "C:\Program Files\Microsoft Visual Studio\2022\Community\VC\Tools\MSVC\14.39.33519\bin\HostX64\x64" -x cu   -I"C:\Program Files\NVIDIA GPU Computing Toolkit\CUDA\v12.3\include" -I"C:\Program Files\NVIDIA GPU Computing Toolkit\CUDA\v12.3\include"  -G   --keep-dir x64\Debug  -maxrregcount=0   --machine 64 --compile -cudart static  -g  -DWIN32 -DWIN64 -D_DEBUG -D_CONSOLE -D_MBCS -Xcompiler "/EHsc /W3 /nologo /Od /FS /Zi /RTC1 /MDd " -Xcompiler "/Fdx64\Debug\vc143.pdb" -o C:\Users\79133\source\repos\CudaRuntimeLab1\CudaRuntimeLab1\x64\Debug\kernel.cu.obj "C:\Users\79133\source\repos\CudaRuntimeLab1\CudaRuntimeLab1\kernel.cu" 
  kernel.cu
  tmpxft_00004a10_00000000-7_kernel.cudafe1.cpp
C:\Users\79133\source\repos\CudaRuntimeLab1\CudaRuntimeLab1\kernel.cu(30): warning C4477: "printf": в строке форматирования "%d" требуется аргумент типа "int", но вариативный аргумент "1" имеет тип "__int64"
  C:\Users\79133\source\repos\CudaRuntimeLab1\CudaRuntimeLab1\kernel.cu(30): note: рекомендуется использовать "%lld" в строке форматирования
  C:\Users\79133\source\repos\CudaRuntimeLab1\CudaRuntimeLab1\kernel.cu(30): note: рекомендуется использовать "%Id" в строке форматирования
  C:\Users\79133\source\repos\CudaRuntimeLab1\CudaRuntimeLab1\kernel.cu(30): note: рекомендуется использовать "%I64d" в строке форматирования
C:\Users\79133\source\repos\CudaRuntimeLab1\CudaRuntimeLab1\kernel.cu(36): warning C4244: инициализация: преобразование "__int64" в "int", возможна потеря данных
C:\Users\79133\source\repos\CudaRuntimeLab1\CudaRuntimeLab1\kernel.cu(36): warning C4477: "printf": в строке форматирования "%d" требуется аргумент типа "int", но вариативный аргумент "1" имеет тип "__int64"
  C:\Users\79133\source\repos\CudaRuntimeLab1\CudaRuntimeLab1\kernel.cu(36): note: рекомендуется использовать "%lld" в строке форматирования
  C:\Users\79133\source\repos\CudaRuntimeLab1\CudaRuntimeLab1\kernel.cu(36): note: рекомендуется использовать "%Id" в строке форматирования
  C:\Users\79133\source\repos\CudaRuntimeLab1\CudaRuntimeLab1\kernel.cu(36): note: рекомендуется использовать "%I64d" в строке форматирования
C:\Users\79133\source\repos\CudaRuntimeLab1\CudaRuntimeLab1\kernel.cu(82): warning C4477: "printf": в строке форматирования "%d" требуется аргумент типа "int", но вариативный аргумент "1" имеет тип "const __int64"
  C:\Users\79133\source\repos\CudaRuntimeLab1\CudaRuntimeLab1\kernel.cu(82): note: рекомендуется использовать "%lld" в строке форматирования
  C:\Users\79133\source\repos\CudaRuntimeLab1\CudaRuntimeLab1\kernel.cu(82): note: рекомендуется использовать "%Id" в строке форматирования
  C:\Users\79133\source\repos\CudaRuntimeLab1\CudaRuntimeLab1\kernel.cu(82): note: рекомендуется использовать "%I64d" в строке форматирования
C:\Users\79133\source\repos\CudaRuntimeLab1\CudaRuntimeLab1\kernel.cu(95): warning C4477: "printf": в строке форматирования "%d" требуется аргумент типа "int", но вариативный аргумент "1" имеет тип "const __int64"
  C:\Users\79133\source\repos\CudaRuntimeLab1\CudaRuntimeLab1\kernel.cu(95): note: рекомендуется использовать "%lld" в строке форматирования
  C:\Users\79133\source\repos\CudaRuntimeLab1\CudaRuntimeLab1\kernel.cu(95): note: рекомендуется использовать "%Id" в строке форматирования
  C:\Users\79133\source\repos\CudaRuntimeLab1\CudaRuntimeLab1\kernel.cu(95): note: рекомендуется использовать "%I64d" в строке форматирования
C:\Users\79133\source\repos\CudaRuntimeLab1\CudaRuntimeLab1\kernel.cu(95): warning C4477: "printf": в строке форматирования "%f" требуется аргумент типа "double", но вариативный аргумент "2" имеет тип "std::chrono::duration<double,std::ratio<1,1>>"
     Создается библиотека C:\Users\79133\source\repos\CudaRuntimeLab1\x64\Debug\CudaRuntimeLab1.lib и объект C:\Users\79133\source\repos\CudaRuntimeLab1\x64\Debug\CudaRuntimeLab1.exp
LINK : warning LNK4098: библиотека по умолчанию "LIBCMT" конфликтует с использованием других библиотек; используйте /NODEFAULTLIB:library
  CudaRuntimeLab1.vcxproj -> C:\Users\79133\source\repos\CudaRuntimeLab1\x64\Debug\CudaRuntimeLab1.exe
