  Compiling CUDA source file kernel.cu...
  
  C:\Users\79133\source\repos\lab8gpu>"C:\Program Files\NVIDIA GPU Computing Toolkit\CUDA\v12.3\bin\nvcc.exe" -gencode=arch=compute_52,code=\"sm_52,compute_52\" --use-local-env -ccbin "C:\Program Files\Microsoft Visual Studio\2022\Community\VC\Tools\MSVC\14.39.33519\bin\HostX64\x64" -x cu   -I"C:\Program Files\NVIDIA GPU Computing Toolkit\CUDA\v12.3\include" -I"C:\Program Files\NVIDIA GPU Computing Toolkit\CUDA\v12.3\include"  -G   --keep-dir lab8gpu\x64\Debug  -maxrregcount=0   --machine 64 --compile -cudart static  -g  -DWIN32 -DWIN64 -D_DEBUG -D_CONSOLE -D_MBCS -Xcompiler "/EHsc /W3 /nologo /Od /FS /Zi /RTC1 /MDd " -Xcompiler "/Fdlab8gpu\x64\Debug\vc143.pdb" -o C:\Users\79133\source\repos\lab8gpu\lab8gpu\x64\Debug\kernel.cu.obj "C:\Users\79133\source\repos\lab8gpu\kernel.cu" 
C:\Users\79133\source\repos\lab8gpu\kernel.cu(47): warning #549-D: variable "handle" is used before its value is set
        status = cublasCreate_v2(handle);
                                 ^
  
  Remark: The warnings can be suppressed with "-diag-suppress <warning-number>"
  
C:\Users\79133\source\repos\lab8gpu\kernel.cu(47): warning #549-D: variable "handle" is used before its value is set
        status = cublasCreate_v2(handle);
                                 ^
  
  Remark: The warnings can be suppressed with "-diag-suppress <warning-number>"
  
C:\Users\79133\source\repos\lab8gpu\kernel.cu(12): warning #550-D: variable "status" was set but never used
        cublasStatus_t status;
                       ^
  
C:\Users\79133\source\repos\lab8gpu\kernel.cu(13): warning #177-D: variable "tmr" was declared but never referenced
        float tmr = 0;
              ^
  
  kernel.cu
  tmpxft_000062b8_00000000-7_kernel.cudafe1.cpp
C:\Users\79133\source\repos\lab8gpu\kernel.cu(47): warning C4700: использована неинициализированная локальная переменная "handle"
     Создается библиотека C:\Users\79133\source\repos\lab8gpu\x64\Debug\lab8gpu.lib и объект C:\Users\79133\source\repos\lab8gpu\x64\Debug\lab8gpu.exp
LINK : warning LNK4098: библиотека по умолчанию "LIBCMT" конфликтует с использованием других библиотек; используйте /NODEFAULTLIB:library
kernel.cu.obj : error LNK2019: ссылка на неразрешенный внешний символ cublasCreate_v2 в функции main.
C:\Users\79133\source\repos\lab8gpu\x64\Debug\lab8gpu.exe : fatal error LNK1120: неразрешенных внешних элементов: 1
